# JRE version: Java(TM) SE Runtime Environment 18.9 (11.0.14+8) (build 11.0.14+8-LTS-263)
# Java VM: Java HotSpot(TM) 64-Bit Server VM 18.9 (11.0.14+8-LTS-263, mixed mode, tiered, compressed oops, g1 gc, windows-amd64)
Heap:
 garbage-first heap   total 260096K, used 7069K [0x0000000703600000, 0x0000000800000000)
  region size 1024K, 3 young (3072K), 3 survivors (3072K)
 Metaspace       used 25231K, capacity 25567K, committed 25648K, reserved 1081344K
  class space    used 2728K, capacity 2875K, committed 2944K, reserved 1048576K
GC Heap History (6 events):
Event: 0.557 GC heap before
{Heap before GC invocations=0 (full 0):
 garbage-first heap   total 260096K, used 24576K [0x0000000703600000, 0x0000000800000000)
  region size 1024K, 24 young (24576K), 0 survivors (0K)
 Metaspace       used 13625K, capacity 13875K, committed 13952K, reserved 1062912K
  class space    used 1295K, capacity 1393K, committed 1408K, reserved 1048576K
}
Event: 0.560 GC heap after
{Heap after GC invocations=1 (full 0):
 garbage-first heap   total 260096K, used 4255K [0x0000000703600000, 0x0000000800000000)
  region size 1024K, 3 young (3072K), 3 survivors (3072K)
 Metaspace       used 13625K, capacity 13875K, committed 13952K, reserved 1062912K
  class space    used 1295K, capacity 1393K, committed 1408K, reserved 1048576K
}
Event: 1.627 GC heap before
{Heap before GC invocations=1 (full 0):
 garbage-first heap   total 260096K, used 32927K [0x0000000703600000, 0x0000000800000000)
  region size 1024K, 32 young (32768K), 3 survivors (3072K)
 Metaspace       used 20803K, capacity 21127K, committed 21296K, reserved 1069056K
  class space    used 2187K, capacity 2351K, committed 2432K, reserved 1048576K
}
Event: 1.630 GC heap after
{Heap after GC invocations=2 (full 0):
 garbage-first heap   total 260096K, used 6347K [0x0000000703600000, 0x0000000800000000)
  region size 1024K, 6 young (6144K), 6 survivors (6144K)
 Metaspace       used 20803K, capacity 21127K, committed 21296K, reserved 1069056K
  class space    used 2187K, capacity 2351K, committed 2432K, reserved 1048576K
}
Event: 1.841 GC heap before
{Heap before GC invocations=3 (full 0):
 garbage-first heap   total 260096K, used 29899K [0x0000000703600000, 0x0000000800000000)
  region size 1024K, 30 young (30720K), 6 survivors (6144K)
 Metaspace       used 25231K, capacity 25567K, committed 25648K, reserved 1079296K
  class space    used 2728K, capacity 2875K, committed 2944K, reserved 1048576K
}
Event: 1.844 GC heap after
{Heap after GC invocations=4 (full 0):
 garbage-first heap   total 260096K, used 7069K [0x0000000703600000, 0x0000000800000000)
  region size 1024K, 3 young (3072K), 3 survivors (3072K)
 Metaspace       used 25231K, capacity 25567K, committed 25648K, reserved 1079296K
  class space    used 2728K, capacity 2875K, committed 2944K, reserved 1048576K
}

